android/app/build/intermediates/manifest_merge_blame_file/debug/manifest-merger-blame-debug-report.txt
1<?xml version="1.0" encoding="utf-8"?>
2<manifest xmlns:android="http://schemas.android.com/apk/res/android"
3    package="com.rnnewver"
4    android:versionCode="1"
5    android:versionName="1.0" >
6
7    <uses-sdk
8        android:minSdkVersion="23"
9        android:targetSdkVersion="33" />
10
11    <uses-permission android:name="android.permission.SYSTEM_ALERT_WINDOW" />
11-->src/debug/AndroidManifest.xml:5:5-77
11-->src/debug/AndroidManifest.xml:5:22-75
12    <uses-permission android:name="android.permission.INTERNET" />
12-->src/main/AndroidManifest.xml:3:5-67
12-->src/main/AndroidManifest.xml:3:22-64
13    <uses-permission android:name="android.permission.CAMERA" />
13-->src/main/AndroidManifest.xml:4:1-61
13-->src/main/AndroidManifest.xml:4:18-58
14    <uses-permission android:name="android.permission.WRITE_EXTERNAL_STORAGE" />
14-->src/main/AndroidManifest.xml:5:1-76
14-->src/main/AndroidManifest.xml:5:18-74
15    <uses-permission android:name="android.permission.READ_EXTERNAL_STORAGE" />
15-->[:react-native-camera-kit] AndroidManifest.xml:8:5-80
15-->[:react-native-camera-kit] AndroidManifest.xml:8:22-77
16    <uses-permission android:name="android.permission.ACCESS_WIFI_STATE" /> <!-- Although the *SdkVersion is captured in gradle build files, this is required for non gradle builds -->
16-->[com.facebook.flipper:flipper:0.182.0] AndroidManifest.xml:16:5-76
16-->[com.facebook.flipper:flipper:0.182.0] AndroidManifest.xml:16:22-73
17    <!-- <uses-sdk android:minSdkVersion="14"/> -->
18    <uses-permission android:name="android.permission.ACCESS_NETWORK_STATE" />
18-->[com.google.android.datatransport:transport-backend-cct:2.3.3] AndroidManifest.xml:25:5-79
18-->[com.google.android.datatransport:transport-backend-cct:2.3.3] AndroidManifest.xml:25:22-76
19
20    <application
20-->src/main/AndroidManifest.xml:9:5-28:19
21        android:name="com.rnnewver.MainApplication"
21-->src/main/AndroidManifest.xml:10:7-38
22        android:allowBackup="false"
22-->src/main/AndroidManifest.xml:14:7-34
23        android:appComponentFactory="androidx.core.app.CoreComponentFactory"
23-->[androidx.core:core:1.7.0] AndroidManifest.xml:24:18-86
24        android:debuggable="true"
25        android:extractNativeLibs="false"
26        android:icon="@mipmap/ic_launcher"
26-->src/main/AndroidManifest.xml:12:7-41
27        android:label="@string/app_name"
27-->src/main/AndroidManifest.xml:11:7-39
28        android:roundIcon="@mipmap/ic_launcher_round"
28-->src/main/AndroidManifest.xml:13:7-52
29        android:theme="@style/AppTheme"
29-->src/main/AndroidManifest.xml:15:7-38
30        android:usesCleartextTraffic="true" >
30-->src/debug/AndroidManifest.xml:8:9-44
31        <activity
31-->src/debug/AndroidManifest.xml:11:9-111
32            android:name="com.facebook.react.devsupport.DevSettingsActivity"
32-->src/debug/AndroidManifest.xml:11:19-83
33            android:exported="false" />
33-->src/debug/AndroidManifest.xml:11:84-108
34        <activity
34-->src/main/AndroidManifest.xml:16:7-27:18
35            android:name="com.rnnewver.MainActivity"
35-->src/main/AndroidManifest.xml:17:9-37
36            android:configChanges="keyboard|keyboardHidden|orientation|screenLayout|screenSize|smallestScreenSize|uiMode"
36-->src/main/AndroidManifest.xml:19:9-118
37            android:exported="true"
37-->src/main/AndroidManifest.xml:22:9-32
38            android:label="@string/app_name"
38-->src/main/AndroidManifest.xml:18:9-41
39            android:launchMode="singleTask"
39-->src/main/AndroidManifest.xml:20:9-40
40            android:windowSoftInputMode="adjustResize" >
40-->src/main/AndroidManifest.xml:21:9-51
41            <intent-filter>
41-->src/main/AndroidManifest.xml:23:9-26:25
42                <action android:name="android.intent.action.MAIN" />
42-->src/main/AndroidManifest.xml:24:13-65
42-->src/main/AndroidManifest.xml:24:21-62
43
44                <category android:name="android.intent.category.LAUNCHER" />
44-->src/main/AndroidManifest.xml:25:13-73
44-->src/main/AndroidManifest.xml:25:23-70
45            </intent-filter>
46        </activity>
47
48        <service
48-->[androidx.camera:camera-camera2:1.1.0] AndroidManifest.xml:26:9-35:19
49            android:name="androidx.camera.core.impl.MetadataHolderService"
49-->[androidx.camera:camera-camera2:1.1.0] AndroidManifest.xml:27:13-75
50            android:enabled="false"
50-->[androidx.camera:camera-camera2:1.1.0] AndroidManifest.xml:28:13-36
51            android:exported="false" >
51-->[androidx.camera:camera-camera2:1.1.0] AndroidManifest.xml:29:13-37
52            <meta-data
52-->[androidx.camera:camera-camera2:1.1.0] AndroidManifest.xml:32:13-34:89
53                android:name="androidx.camera.core.impl.MetadataHolderService.DEFAULT_CONFIG_PROVIDER"
53-->[androidx.camera:camera-camera2:1.1.0] AndroidManifest.xml:33:17-103
54                android:value="androidx.camera.camera2.Camera2Config$DefaultProvider" />
54-->[androidx.camera:camera-camera2:1.1.0] AndroidManifest.xml:34:17-86
55        </service>
56
57        <meta-data
57-->[com.facebook.soloader:soloader:0.10.5] AndroidManifest.xml:12:9-14:37
58            android:name="com.facebook.soloader.enabled"
58-->[com.facebook.soloader:soloader:0.10.5] AndroidManifest.xml:13:13-57
59            android:value="false" />
59-->[com.facebook.soloader:soloader:0.10.5] AndroidManifest.xml:14:13-34
60
61        <service
61-->[com.google.android.gms:play-services-mlkit-barcode-scanning:18.0.0] AndroidManifest.xml:9:9-15:19
62            android:name="com.google.mlkit.common.internal.MlKitComponentDiscoveryService"
62-->[com.google.android.gms:play-services-mlkit-barcode-scanning:18.0.0] AndroidManifest.xml:10:13-91
63            android:directBootAware="true"
63-->[com.google.mlkit:common:18.0.0] AndroidManifest.xml:17:13-43
64            android:exported="false" >
64-->[com.google.android.gms:play-services-mlkit-barcode-scanning:18.0.0] AndroidManifest.xml:11:13-37
65            <meta-data
65-->[com.google.android.gms:play-services-mlkit-barcode-scanning:18.0.0] AndroidManifest.xml:12:13-14:85
66                android:name="com.google.firebase.components:com.google.mlkit.vision.barcode.internal.BarcodeRegistrar"
66-->[com.google.android.gms:play-services-mlkit-barcode-scanning:18.0.0] AndroidManifest.xml:13:17-120
67                android:value="com.google.firebase.components.ComponentRegistrar" />
67-->[com.google.android.gms:play-services-mlkit-barcode-scanning:18.0.0] AndroidManifest.xml:14:17-82
68            <meta-data
68-->[com.google.mlkit:vision-common:17.0.0] AndroidManifest.xml:12:13-14:85
69                android:name="com.google.firebase.components:com.google.mlkit.vision.common.internal.VisionCommonRegistrar"
69-->[com.google.mlkit:vision-common:17.0.0] AndroidManifest.xml:13:17-124
70                android:value="com.google.firebase.components.ComponentRegistrar" />
70-->[com.google.mlkit:vision-common:17.0.0] AndroidManifest.xml:14:17-82
71            <meta-data
71-->[com.google.mlkit:common:18.0.0] AndroidManifest.xml:20:13-22:85
72                android:name="com.google.firebase.components:com.google.mlkit.common.internal.CommonComponentRegistrar"
72-->[com.google.mlkit:common:18.0.0] AndroidManifest.xml:21:17-120
73                android:value="com.google.firebase.components.ComponentRegistrar" />
73-->[com.google.mlkit:common:18.0.0] AndroidManifest.xml:22:17-82
74        </service>
75
76        <provider
76-->[com.google.mlkit:common:18.0.0] AndroidManifest.xml:9:9-13:38
77            android:name="com.google.mlkit.common.internal.MlKitInitProvider"
77-->[com.google.mlkit:common:18.0.0] AndroidManifest.xml:10:13-78
78            android:authorities="com.rnnewver.mlkitinitprovider"
78-->[com.google.mlkit:common:18.0.0] AndroidManifest.xml:11:13-69
79            android:exported="false"
79-->[com.google.mlkit:common:18.0.0] AndroidManifest.xml:12:13-37
80            android:initOrder="99" />
80-->[com.google.mlkit:common:18.0.0] AndroidManifest.xml:13:13-35
81
82        <activity
82-->[com.google.android.gms:play-services-base:18.0.1] AndroidManifest.xml:20:9-22:45
83            android:name="com.google.android.gms.common.api.GoogleApiActivity"
83-->[com.google.android.gms:play-services-base:18.0.1] AndroidManifest.xml:20:19-85
84            android:exported="false"
84-->[com.google.android.gms:play-services-base:18.0.1] AndroidManifest.xml:22:19-43
85            android:theme="@android:style/Theme.Translucent.NoTitleBar" />
85-->[com.google.android.gms:play-services-base:18.0.1] AndroidManifest.xml:21:19-78
86
87        <meta-data
87-->[com.google.android.gms:play-services-basement:18.0.0] AndroidManifest.xml:21:9-23:69
88            android:name="com.google.android.gms.version"
88-->[com.google.android.gms:play-services-basement:18.0.0] AndroidManifest.xml:22:13-58
89            android:value="@integer/google_play_services_version" />
89-->[com.google.android.gms:play-services-basement:18.0.0] AndroidManifest.xml:23:13-66
90
91        <provider
91-->[androidx.emoji2:emoji2:1.0.0] AndroidManifest.xml:26:9-34:20
92            android:name="androidx.startup.InitializationProvider"
92-->[androidx.emoji2:emoji2:1.0.0] AndroidManifest.xml:27:13-67
93            android:authorities="com.rnnewver.androidx-startup"
93-->[androidx.emoji2:emoji2:1.0.0] AndroidManifest.xml:28:13-68
94            android:exported="false" >
94-->[androidx.emoji2:emoji2:1.0.0] AndroidManifest.xml:29:13-37
95            <meta-data
95-->[androidx.emoji2:emoji2:1.0.0] AndroidManifest.xml:31:13-33:52
96                android:name="androidx.emoji2.text.EmojiCompatInitializer"
96-->[androidx.emoji2:emoji2:1.0.0] AndroidManifest.xml:32:17-75
97                android:value="androidx.startup" />
97-->[androidx.emoji2:emoji2:1.0.0] AndroidManifest.xml:33:17-49
98            <meta-data
98-->[androidx.lifecycle:lifecycle-process:2.4.0] AndroidManifest.xml:31:13-33:52
99                android:name="androidx.lifecycle.ProcessLifecycleInitializer"
99-->[androidx.lifecycle:lifecycle-process:2.4.0] AndroidManifest.xml:32:17-78
100                android:value="androidx.startup" />
100-->[androidx.lifecycle:lifecycle-process:2.4.0] AndroidManifest.xml:33:17-49
101        </provider>
102
103        <service
103-->[com.google.android.datatransport:transport-backend-cct:2.3.3] AndroidManifest.xml:29:9-35:19
104            android:name="com.google.android.datatransport.runtime.backends.TransportBackendDiscovery"
104-->[com.google.android.datatransport:transport-backend-cct:2.3.3] AndroidManifest.xml:30:13-103
105            android:exported="false" >
105-->[com.google.android.datatransport:transport-backend-cct:2.3.3] AndroidManifest.xml:31:13-37
106            <meta-data
106-->[com.google.android.datatransport:transport-backend-cct:2.3.3] AndroidManifest.xml:32:13-34:39
107                android:name="backend:com.google.android.datatransport.cct.CctBackendFactory"
107-->[com.google.android.datatransport:transport-backend-cct:2.3.3] AndroidManifest.xml:33:17-94
108                android:value="cct" />
108-->[com.google.android.datatransport:transport-backend-cct:2.3.3] AndroidManifest.xml:34:17-36
109        </service>
110        <service
110-->[com.google.android.datatransport:transport-runtime:2.2.6] AndroidManifest.xml:26:9-30:19
111            android:name="com.google.android.datatransport.runtime.scheduling.jobscheduling.JobInfoSchedulerService"
111-->[com.google.android.datatransport:transport-runtime:2.2.6] AndroidManifest.xml:27:13-117
112            android:exported="false"
112-->[com.google.android.datatransport:transport-runtime:2.2.6] AndroidManifest.xml:28:13-37
113            android:permission="android.permission.BIND_JOB_SERVICE" >
113-->[com.google.android.datatransport:transport-runtime:2.2.6] AndroidManifest.xml:29:13-69
114        </service>
115
116        <receiver
116-->[com.google.android.datatransport:transport-runtime:2.2.6] AndroidManifest.xml:32:9-34:40
117            android:name="com.google.android.datatransport.runtime.scheduling.jobscheduling.AlarmManagerSchedulerBroadcastReceiver"
117-->[com.google.android.datatransport:transport-runtime:2.2.6] AndroidManifest.xml:33:13-132
118            android:exported="false" />
118-->[com.google.android.datatransport:transport-runtime:2.2.6] AndroidManifest.xml:34:13-37
119    </application>
120
121</manifest>